Assembler report for Locker
Fri Jun 03 12:37:45 2016
Quartus Prime Version 15.1.1 Build 189 12/02/2015 SJ Lite Edition


---------------------
; Table of Contents ;
---------------------
  1. Legal Notice
  2. Assembler Summary
  3. Assembler Settings
  4. Assembler Generated Files
  5. Assembler Device Options: C:/Users/Rui/Downloads/LSDig-mini-projeto-P20-NMec79970-NMec79926/Projeto Final v2/output_files/Locker.sof
  6. Assembler Messages



----------------
; Legal Notice ;
----------------
Copyright (C) 1991-2015 Altera Corporation. All rights reserved.
Your use of Altera Corporation's design tools, logic functions 
and other software and tools, and its AMPP partner logic 
functions, and any output files from any of the foregoing 
(including device programming or simulation files), and any 
associated documentation or information are expressly subject 
to the terms and conditions of the Altera Program License 
Subscription Agreement, the Altera Quartus Prime License Agreement,
the Altera MegaCore Function License Agreement, or other 
applicable license agreement, including, without limitation, 
that your use is for the sole purpose of programming logic 
devices manufactured by Altera and sold by Altera or its 
authorized distributors.  Please refer to the applicable 
agreement for further details.



+---------------------------------------------------------------+
; Assembler Summary                                             ;
+-----------------------+---------------------------------------+
; Assembler Status      ; Successful - Fri Jun 03 12:37:45 2016 ;
; Revision Name         ; Locker                                ;
; Top-level Entity Name ; Locker                                ;
; Family                ; Cyclone IV E                          ;
; Device                ; EP4CE115F29C7                         ;
+-----------------------+---------------------------------------+


+----------------------------------+
; Assembler Settings               ;
+--------+---------+---------------+
; Option ; Setting ; Default Value ;
+--------+---------+---------------+


+------------------------------------------------------------------------------------------------------------+
; Assembler Generated Files                                                                                  ;
+------------------------------------------------------------------------------------------------------------+
; File Name                                                                                                  ;
+------------------------------------------------------------------------------------------------------------+
; C:/Users/Rui/Downloads/LSDig-mini-projeto-P20-NMec79970-NMec79926/Projeto Final v2/output_files/Locker.sof ;
+------------------------------------------------------------------------------------------------------------+


+--------------------------------------------------------------------------------------------------------------------------------------+
; Assembler Device Options: C:/Users/Rui/Downloads/LSDig-mini-projeto-P20-NMec79970-NMec79926/Projeto Final v2/output_files/Locker.sof ;
+----------------+---------------------------------------------------------------------------------------------------------------------+
; Option         ; Setting                                                                                                             ;
+----------------+---------------------------------------------------------------------------------------------------------------------+
; Device         ; EP4CE115F29C7                                                                                                       ;
; JTAG usercode  ; 0x005C7AEB                                                                                                          ;
; Checksum       ; 0x005C7AEB                                                                                                          ;
+----------------+---------------------------------------------------------------------------------------------------------------------+


+--------------------+
; Assembler Messages ;
+--------------------+
Info: *******************************************************************
Info: Running Quartus Prime Assembler
    Info: Version 15.1.1 Build 189 12/02/2015 SJ Lite Edition
    Info: Processing started: Fri Jun 03 12:37:36 2016
Info: Command: quartus_asm --read_settings_files=off --write_settings_files=off Locker -c Locker
Info (115031): Writing out detailed assembly data for power analysis
Info (115030): Assembler is generating device programming files
Info: Quartus Prime Assembler was successful. 0 errors, 0 warnings
    Info: Peak virtual memory: 752 megabytes
    Info: Processing ended: Fri Jun 03 12:37:45 2016
    Info: Elapsed time: 00:00:09
    Info: Total CPU time (on all processors): 00:00:08


